<?xml version="1.0" encoding="UTF-8"?>
<testng-results ignored="3" total="7" passed="4" failed="0" skipped="0">
  <reporter-output>
  </reporter-output>
  <suite started-at="2022-10-08T20:13:41 GMT-07:00" name="Page Object test example" finished-at="2022-10-08T20:15:37 GMT-07:00" duration-ms="115802">
    <groups>
    </groups>
    <test started-at="2022-10-08T20:13:41 GMT-07:00" name="test-1" finished-at="2022-10-08T20:15:37 GMT-07:00" duration-ms="115802">
      <class name="com.webOrder.test.ListOfProducts">
        <test-method is-config="true" signature="initializeTestBaseSetup(java.lang.String,java.lang.String)[pri:0, instance:com.webOrder.test.ListOfProducts@7b36aa0c]" started-at="2022-10-08T20:14:59 GMT-07:00" name="initializeTestBaseSetup" finished-at="2022-10-08T20:15:12 GMT-07:00" duration-ms="13269" status="PASS">
          <params>
            <param index="0">
              <value>
                <![CDATA[chrome]]>
              </value>
            </param>
            <param index="1">
              <value>
                <![CDATA[http://secure.smartbearsoftware.com/samples/TestComplete11/WebOrders/Login.aspx?11%2fWebOrders%2fDefault.aspx]]>
              </value>
            </param>
          </params>
          <reporter-output>
          </reporter-output>
        </test-method> <!-- initializeTestBaseSetup -->
        <test-method is-config="true" signature="setUp()[pri:0, instance:com.webOrder.test.ListOfProducts@7b36aa0c]" started-at="2022-10-08T20:15:12 GMT-07:00" name="setUp" finished-at="2022-10-08T20:15:12 GMT-07:00" duration-ms="19" status="PASS">
          <reporter-output>
          </reporter-output>
        </test-method> <!-- setUp -->
        <test-method signature="verifyAllProduct()[pri:0, instance:com.webOrder.test.ListOfProducts@7b36aa0c]" started-at="2022-10-08T20:15:12 GMT-07:00" name="verifyAllProduct" finished-at="2022-10-08T20:15:16 GMT-07:00" duration-ms="3452" status="PASS">
          <reporter-output>
          </reporter-output>
        </test-method> <!-- verifyAllProduct -->
        <test-method is-config="true" signature="tearDown(org.testng.ITestResult)[pri:0, instance:com.webOrder.test.ListOfProducts@7b36aa0c]" started-at="2022-10-08T20:15:16 GMT-07:00" name="tearDown" finished-at="2022-10-08T20:15:16 GMT-07:00" duration-ms="1" status="PASS">
          <params>
            <param index="0">
              <value>
                <![CDATA[[TestResult name=verifyAllProduct status=SUCCESS method=ListOfProducts.verifyAllProduct()[pri:0, instance:com.webOrder.test.ListOfProducts@7b36aa0c] output={null}]]]>
              </value>
            </param>
          </params>
          <reporter-output>
          </reporter-output>
        </test-method> <!-- tearDown -->
        <test-method is-config="true" signature="tearDown()[pri:0, instance:com.webOrder.test.ListOfProducts@7b36aa0c]" started-at="2022-10-08T20:15:16 GMT-07:00" name="tearDown" finished-at="2022-10-08T20:15:18 GMT-07:00" duration-ms="2131" status="PASS">
          <reporter-output>
          </reporter-output>
        </test-method> <!-- tearDown -->
      </class> <!-- com.webOrder.test.ListOfProducts -->
      <class name="com.webOrder.test.WebOrder_EditOrder">
        <test-method is-config="true" signature="SetUp()[pri:0, instance:com.webOrder.test.WebOrder_EditOrder@2e3967ea]" started-at="2022-10-08T20:13:41 GMT-07:00" name="SetUp" finished-at="2022-10-08T20:13:43 GMT-07:00" duration-ms="1223" status="PASS">
          <reporter-output>
          </reporter-output>
        </test-method> <!-- SetUp -->
        <test-method is-config="true" signature="initializeTestBaseSetup(java.lang.String,java.lang.String)[pri:0, instance:com.webOrder.test.WebOrder_EditOrder@2e3967ea]" started-at="2022-10-08T20:13:43 GMT-07:00" name="initializeTestBaseSetup" finished-at="2022-10-08T20:14:00 GMT-07:00" duration-ms="17574" status="PASS">
          <params>
            <param index="0">
              <value>
                <![CDATA[chrome]]>
              </value>
            </param>
            <param index="1">
              <value>
                <![CDATA[http://secure.smartbearsoftware.com/samples/TestComplete11/WebOrders/Login.aspx?11%2fWebOrders%2fDefault.aspx]]>
              </value>
            </param>
          </params>
          <reporter-output>
          </reporter-output>
        </test-method> <!-- initializeTestBaseSetup -->
        <test-method is-config="true" signature="setUp()[pri:0, instance:com.webOrder.test.WebOrder_EditOrder@2e3967ea]" started-at="2022-10-08T20:14:00 GMT-07:00" name="setUp" finished-at="2022-10-08T20:14:00 GMT-07:00" duration-ms="125" status="PASS">
          <reporter-output>
          </reporter-output>
        </test-method> <!-- setUp -->
        <test-method signature="createOrder()[pri:0, instance:com.webOrder.test.WebOrder_EditOrder@2e3967ea]" started-at="2022-10-08T20:14:00 GMT-07:00" name="createOrder" finished-at="2022-10-08T20:14:38 GMT-07:00" duration-ms="37986" status="PASS">
          <reporter-output>
          </reporter-output>
        </test-method> <!-- createOrder -->
        <test-method is-config="true" signature="tearDown(org.testng.ITestResult)[pri:0, instance:com.webOrder.test.WebOrder_EditOrder@2e3967ea]" started-at="2022-10-08T20:14:38 GMT-07:00" name="tearDown" finished-at="2022-10-08T20:14:38 GMT-07:00" duration-ms="13" status="FAIL">
          <params>
            <param index="0">
              <value>
                <![CDATA[[TestResult name=createOrder status=SUCCESS method=WebOrder_EditOrder.createOrder()[pri:0, instance:com.webOrder.test.WebOrder_EditOrder@2e3967ea] output={null}]]]>
              </value>
            </param>
          </params>
          <exception class="java.lang.NullPointerException">
            <message>
              <![CDATA[Cannot invoke "com.aventstack.extentreports.ExtentTest.log(com.aventstack.extentreports.Status, com.aventstack.extentreports.markuputils.Markup)" because "com.webOrder.common.WebOrder_BaseSetup.test" is null]]>
            </message>
            <full-stacktrace>
              <![CDATA[java.lang.NullPointerException: Cannot invoke "com.aventstack.extentreports.ExtentTest.log(com.aventstack.extentreports.Status, com.aventstack.extentreports.markuputils.Markup)" because "com.webOrder.common.WebOrder_BaseSetup.test" is null
at com.webOrder.common.WebOrder_BaseSetup.tearDown(WebOrder_BaseSetup.java:152)
at java.base/jdk.internal.reflect.NativeMethodAccessorImpl.invoke0(Native Method)
at java.base/jdk.internal.reflect.NativeMethodAccessorImpl.invoke(NativeMethodAccessorImpl.java:77)
at java.base/jdk.internal.reflect.DelegatingMethodAccessorImpl.invoke(DelegatingMethodAccessorImpl.java:43)
at java.base/java.lang.reflect.Method.invoke(Method.java:568)
at org.testng.internal.MethodInvocationHelper.invokeMethod(MethodInvocationHelper.java:133)
at org.testng.internal.MethodInvocationHelper.invokeMethodConsideringTimeout(MethodInvocationHelper.java:62)
at org.testng.internal.ConfigInvoker.invokeConfigurationMethod(ConfigInvoker.java:385)
at org.testng.internal.ConfigInvoker.invokeConfigurations(ConfigInvoker.java:321)
at org.testng.internal.TestInvoker.runConfigMethods(TestInvoker.java:700)
at org.testng.internal.TestInvoker.runAfterGroupsConfigurations(TestInvoker.java:676)
at org.testng.internal.TestInvoker.invokeMethod(TestInvoker.java:660)
at org.testng.internal.TestInvoker.invokeTestMethod(TestInvoker.java:173)
at org.testng.internal.MethodRunner.runInSequence(MethodRunner.java:46)
at org.testng.internal.TestInvoker$MethodInvocationAgent.invoke(TestInvoker.java:824)
at org.testng.internal.TestInvoker.invokeTestMethods(TestInvoker.java:146)
at org.testng.internal.TestMethodWorker.invokeTestMethods(TestMethodWorker.java:146)
at org.testng.internal.TestMethodWorker.run(TestMethodWorker.java:128)
at java.base/java.util.ArrayList.forEach(ArrayList.java:1511)
at org.testng.TestRunner.privateRun(TestRunner.java:794)
at org.testng.TestRunner.run(TestRunner.java:596)
at org.testng.SuiteRunner.runTest(SuiteRunner.java:377)
at org.testng.SuiteRunner.runSequentially(SuiteRunner.java:371)
at org.testng.SuiteRunner.privateRun(SuiteRunner.java:332)
at org.testng.SuiteRunner.run(SuiteRunner.java:276)
at org.testng.SuiteRunnerWorker.runSuite(SuiteRunnerWorker.java:53)
at org.testng.SuiteRunnerWorker.run(SuiteRunnerWorker.java:96)
at org.testng.TestNG.runSuitesSequentially(TestNG.java:1212)
at org.testng.TestNG.runSuitesLocally(TestNG.java:1134)
at org.testng.TestNG.runSuites(TestNG.java:1063)
at org.testng.TestNG.run(TestNG.java:1031)
at org.testng.remote.AbstractRemoteTestNG.run(AbstractRemoteTestNG.java:115)
at org.testng.remote.RemoteTestNG.initAndRun(RemoteTestNG.java:251)
at org.testng.remote.RemoteTestNG.main(RemoteTestNG.java:77)
]]>
            </full-stacktrace>
          </exception> <!-- java.lang.NullPointerException -->
          <reporter-output>
          </reporter-output>
        </test-method> <!-- tearDown -->
        <test-method is-config="true" signature="tearDown()[pri:0, instance:com.webOrder.test.WebOrder_EditOrder@2e3967ea]" started-at="2022-10-08T20:14:38 GMT-07:00" name="tearDown" finished-at="1969-12-31T17:00:00 GMT-07:00" duration-ms="-1665285278834" status="SKIP">
          <reporter-output>
          </reporter-output>
        </test-method> <!-- tearDown -->
      </class> <!-- com.webOrder.test.WebOrder_EditOrder -->
      <class name="com.webOrder.test.Weborder_create">
        <test-method is-config="true" signature="initializeTestBaseSetup(java.lang.String,java.lang.String)[pri:0, instance:com.webOrder.test.Weborder_create@537f60bf]" started-at="2022-10-08T20:15:18 GMT-07:00" name="initializeTestBaseSetup" finished-at="2022-10-08T20:15:28 GMT-07:00" duration-ms="10302" status="PASS">
          <params>
            <param index="0">
              <value>
                <![CDATA[chrome]]>
              </value>
            </param>
            <param index="1">
              <value>
                <![CDATA[http://secure.smartbearsoftware.com/samples/TestComplete11/WebOrders/Login.aspx?11%2fWebOrders%2fDefault.aspx]]>
              </value>
            </param>
          </params>
          <reporter-output>
          </reporter-output>
        </test-method> <!-- initializeTestBaseSetup -->
        <test-method is-config="true" signature="setUp()[pri:0, instance:com.webOrder.test.Weborder_create@537f60bf]" started-at="2022-10-08T20:15:28 GMT-07:00" name="setUp" finished-at="2022-10-08T20:15:28 GMT-07:00" duration-ms="28" status="PASS">
          <reporter-output>
          </reporter-output>
        </test-method> <!-- setUp -->
        <test-method signature="createOrder(java.lang.String,java.lang.String,java.lang.String,java.lang.String,java.lang.String,java.lang.String,java.lang.String,java.lang.String,java.lang.String,java.lang.String,java.lang.String,java.lang.String,java.lang.String)[pri:0, instance:com.webOrder.test.Weborder_create@537f60bf]" started-at="2022-10-08T20:15:28 GMT-07:00" name="createOrder" data-provider="login" finished-at="2022-10-08T20:15:35 GMT-07:00" duration-ms="6511" status="PASS">
          <params>
            <param index="0">
              <value>
                <![CDATA[Tester]]>
              </value>
            </param>
            <param index="1">
              <value>
                <![CDATA[test]]>
              </value>
            </param>
            <param index="2">
              <value>
                <![CDATA[ScreenSaver]]>
              </value>
            </param>
            <param index="3">
              <value>
                <![CDATA[10]]>
              </value>
            </param>
            <param index="4">
              <value>
                <![CDATA[100]]>
              </value>
            </param>
            <param index="5">
              <value>
                <![CDATA[10]]>
              </value>
            </param>
            <param index="6">
              <value>
                <![CDATA[farid]]>
              </value>
            </param>
            <param index="7">
              <value>
                <![CDATA[100 john]]>
              </value>
            </param>
            <param index="8">
              <value>
                <![CDATA[brooklyn]]>
              </value>
            </param>
            <param index="9">
              <value>
                <![CDATA[new york]]>
              </value>
            </param>
            <param index="10">
              <value>
                <![CDATA[10012]]>
              </value>
            </param>
            <param index="11">
              <value>
                <![CDATA[12345437236]]>
              </value>
            </param>
            <param index="12">
              <value>
                <![CDATA[12/23]]>
              </value>
            </param>
          </params>
          <reporter-output>
          </reporter-output>
        </test-method> <!-- createOrder -->
        <test-method is-config="true" signature="tearDown(org.testng.ITestResult)[pri:0, instance:com.webOrder.test.Weborder_create@537f60bf]" started-at="2022-10-08T20:15:35 GMT-07:00" name="tearDown" finished-at="2022-10-08T20:15:35 GMT-07:00" duration-ms="1" status="PASS">
          <params>
            <param index="0">
              <value>
                <![CDATA[[TestResult name=createOrder status=SUCCESS method=Weborder_create.createOrder(java.lang.String,java.lang.String,java.lang.String,java.lang.String,java.lang.String,java.lang.String,java.lang.String,java.lang.String,java.lang.String,java.lang.String,java.lang.String,java.lang.String,java.lang.String)[pri:0, instance:com.webOrder.test.Weborder_create@537f60bf] output={null}]]]>
              </value>
            </param>
          </params>
          <reporter-output>
          </reporter-output>
        </test-method> <!-- tearDown -->
        <test-method is-config="true" signature="tearDown()[pri:0, instance:com.webOrder.test.Weborder_create@537f60bf]" started-at="2022-10-08T20:15:35 GMT-07:00" name="tearDown" finished-at="2022-10-08T20:15:37 GMT-07:00" duration-ms="2437" status="PASS">
          <reporter-output>
          </reporter-output>
        </test-method> <!-- tearDown -->
      </class> <!-- com.webOrder.test.Weborder_create -->
      <class name="com.webOrder.test.WebOrder_List_of_Orders">
        <test-method is-config="true" signature="initializeTestBaseSetup(java.lang.String,java.lang.String)[pri:0, instance:com.webOrder.test.WebOrder_List_of_Orders@4a883b15]" started-at="2022-10-08T20:14:38 GMT-07:00" name="initializeTestBaseSetup" finished-at="2022-10-08T20:14:50 GMT-07:00" duration-ms="11439" status="PASS">
          <params>
            <param index="0">
              <value>
                <![CDATA[chrome]]>
              </value>
            </param>
            <param index="1">
              <value>
                <![CDATA[http://secure.smartbearsoftware.com/samples/TestComplete11/WebOrders/Login.aspx?11%2fWebOrders%2fDefault.aspx]]>
              </value>
            </param>
          </params>
          <reporter-output>
          </reporter-output>
        </test-method> <!-- initializeTestBaseSetup -->
        <test-method is-config="true" signature="setUp()[pri:0, instance:com.webOrder.test.WebOrder_List_of_Orders@4a883b15]" started-at="2022-10-08T20:14:50 GMT-07:00" name="setUp" finished-at="2022-10-08T20:14:50 GMT-07:00" duration-ms="20" status="PASS">
          <reporter-output>
          </reporter-output>
        </test-method> <!-- setUp -->
        <test-method signature="verify_orders()[pri:0, instance:com.webOrder.test.WebOrder_List_of_Orders@4a883b15]" started-at="2022-10-08T20:14:50 GMT-07:00" name="verify_orders" finished-at="2022-10-08T20:14:54 GMT-07:00" duration-ms="4254" status="PASS">
          <reporter-output>
          </reporter-output>
        </test-method> <!-- verify_orders -->
        <test-method is-config="true" signature="tearDown(org.testng.ITestResult)[pri:0, instance:com.webOrder.test.WebOrder_List_of_Orders@4a883b15]" started-at="2022-10-08T20:14:54 GMT-07:00" name="tearDown" finished-at="2022-10-08T20:14:54 GMT-07:00" duration-ms="13" status="PASS">
          <params>
            <param index="0">
              <value>
                <![CDATA[[TestResult name=verify_orders status=SUCCESS method=WebOrder_List_of_Orders.verify_orders()[pri:0, instance:com.webOrder.test.WebOrder_List_of_Orders@4a883b15] output={null}]]]>
              </value>
            </param>
          </params>
          <reporter-output>
          </reporter-output>
        </test-method> <!-- tearDown -->
        <test-method is-config="true" signature="tearDown()[pri:0, instance:com.webOrder.test.WebOrder_List_of_Orders@4a883b15]" started-at="2022-10-08T20:14:54 GMT-07:00" name="tearDown" finished-at="2022-10-08T20:14:59 GMT-07:00" duration-ms="4804" status="PASS">
          <reporter-output>
          </reporter-output>
        </test-method> <!-- tearDown -->
      </class> <!-- com.webOrder.test.WebOrder_List_of_Orders -->
    </test> <!-- test-1 -->
  </suite> <!-- Page Object test example -->
</testng-results>
